-------------------------------------------------------------------------------
Test set: acme.oddo.controllers.account.CreateAccountControllerTest
-------------------------------------------------------------------------------
Tests run: 2, Failures: 1, Errors: 0, Skipped: 0, Time elapsed: 1.336 s <<< FAILURE! - in acme.oddo.controllers.account.CreateAccountControllerTest
itShouldBeCreateNewAccount  Time elapsed: 0.022 s  <<< FAILURE!
java.lang.AssertionError: Status expected:<200> but was:<400>
	at acme.oddo.controllers.account.CreateAccountControllerTest.itShouldBeCreateNewAccount(CreateAccountControllerTest.java:46)

